<?xml version="1.0" encoding="UTF-8"?>
<!-- Generated by org.testng.reporters.JUnitReportReporter -->
<testsuite hostname="Anujalhans01" name="com.nagp.prepnew.test.NagarroContactUsPageTest" tests="1" failures="0" timestamp="7 Feb 2022 06:20:42 GMT" time="8.972" errors="0">
  <testcase name="validateContactUsButtonClickTest" time="8.972" classname="com.nagp.prepnew.test.NagarroContactUsPageTest"/>
</testsuite> <!-- com.nagp.prepnew.test.NagarroContactUsPageTest -->
