<?xml version="1.0" encoding="UTF-8"?>
<!-- Generated by org.testng.reporters.JUnitReportReporter -->
<testsuite hostname="Anujalhans01" name="com.nagp.prepnew.test.NagarroHomePageTest" tests="2" failures="0" timestamp="7 Feb 2022 06:20:42 GMT" time="12.242" errors="0">
  <testcase name="validateNagarroContactUsPageClickTest" time="7.329" classname="com.nagp.prepnew.test.NagarroHomePageTest"/>
  <testcase name="validateNagarroHomePageLogoTest" time="4.913" classname="com.nagp.prepnew.test.NagarroHomePageTest"/>
</testsuite> <!-- com.nagp.prepnew.test.NagarroHomePageTest -->
