<?xml version="1.0" encoding="UTF-8"?>
<!-- Generated by org.testng.reporters.JUnitReportReporter -->
<testsuite hostname="Anujalhans01" failures="0" tests="2" name="com.nagp.prepnew.test.NagarroHomePageTest" time="16.483" errors="0" timestamp="2022-02-08T21:57:31 IST" skipped="0">
  <testcase classname="com.nagp.prepnew.test.NagarroHomePageTest" name="validateNagarroHomePageLogoTest" time="8.696"/>
  <system-out/>
  <testcase classname="com.nagp.prepnew.test.NagarroHomePageTest" name="validateNagarroContactUsPageClickTest" time="7.787"/>
  <system-out/>
</testsuite> <!-- com.nagp.prepnew.test.NagarroHomePageTest -->
