<?xml version="1.0" encoding="UTF-8"?>
<!-- Generated by org.testng.reporters.JUnitReportReporter -->
<testsuite hostname="Anujalhans01" failures="0" tests="1" name="com.nagp.prepnew.test.NagarroContactUsPageTest" time="8.456" errors="0" timestamp="2022-02-08T21:57:31 IST" skipped="0">
  <testcase classname="com.nagp.prepnew.test.NagarroContactUsPageTest" name="validateContactUsButtonClickTest" time="8.456"/>
  <system-out/>
</testsuite> <!-- com.nagp.prepnew.test.NagarroContactUsPageTest -->
