<?xml version="1.0" encoding="UTF-8"?>
<!-- Generated by org.testng.reporters.JUnitReportReporter -->
<testsuite hostname="Anujalhans01" failures="0" tests="2" name="com.nagp.prepnew.test.NagarroHomePageTest" time="19.260" errors="0" timestamp="2022-02-09T10:32:21 IST" skipped="0">
  <testcase classname="com.nagp.prepnew.test.NagarroHomePageTest" name="validateNagarroHomePageLogoTest" time="11.181"/>
  <system-out/>
  <testcase classname="com.nagp.prepnew.test.NagarroHomePageTest" name="validateNagarroContactUsPageClickTest" time="8.079"/>
  <system-out/>
</testsuite> <!-- com.nagp.prepnew.test.NagarroHomePageTest -->
