<?xml version="1.0" encoding="UTF-8"?>
<!-- Generated by org.testng.reporters.JUnitReportReporter -->
<testsuite hostname="Anujalhans01" failures="0" tests="1" name="com.nagp.prepnew.test.NagarroContactUsPageTest" time="10.202" errors="0" timestamp="2022-02-09T10:32:21 IST" skipped="0">
  <testcase classname="com.nagp.prepnew.test.NagarroContactUsPageTest" name="validateContactUsButtonClickTest" time="10.202"/>
  <system-out/>
</testsuite> <!-- com.nagp.prepnew.test.NagarroContactUsPageTest -->
