<?xml version="1.0" encoding="UTF-8"?>
<!-- Generated by org.testng.reporters.JUnitReportReporter -->
<testsuite skipped="0" hostname="Anujalhans01" name="com.nagp.prepnew.test.NagarroContactUsPageTest" tests="1" failures="0" timestamp="2021-09-05T15:08:11 IST" time="10.698" errors="0">
  <testcase name="validateContactUsButtonClickTest" time="10.698" classname="com.nagp.prepnew.test.NagarroContactUsPageTest"/>
  <system-out/>
</testsuite> <!-- com.nagp.prepnew.test.NagarroContactUsPageTest -->
