<?xml version="1.0" encoding="UTF-8"?>
<!-- Generated by org.testng.reporters.JUnitReportReporter -->
<testsuite skipped="0" hostname="Anujalhans01" name="com.nagp.prepnew.test.NagarroHomePageTest" tests="2" failures="0" timestamp="2021-09-05T15:08:11 IST" time="16.159" errors="0">
  <testcase name="validateNagarroContactUsPageClickTest" time="9.471" classname="com.nagp.prepnew.test.NagarroHomePageTest"/>
  <system-out/>
  <testcase name="validateNagarroHomePageLogoTest" time="6.688" classname="com.nagp.prepnew.test.NagarroHomePageTest"/>
  <system-out/>
</testsuite> <!-- com.nagp.prepnew.test.NagarroHomePageTest -->
